Rasa process starting
From /home/lzh/miniconda3/envs/rasa_env/lib/python3.6/site-packages/tensorflow/python/training/saver.py:1266: checkpoint_exists (from tensorflow.python.training.checkpoint_management) is deprecated and will be removed in a future version.
Instructions for updating:
Use standard file APIs to check for files with this prefix.
Restoring parameters from models/current/nlu/component_5_EmbeddingIntentClassifier.ckpt
Scheduler started
From /home/lzh/miniconda3/envs/rasa_env/lib/python3.6/site-packages/tensorflow/python/ops/resource_variable_ops.py:435: colocate_with (from tensorflow.python.framework.ops) is deprecated and will be removed in a future version.
Instructions for updating:
Colocations handled automatically by placer.
From /home/lzh/miniconda3/envs/rasa_env/lib/python3.6/site-packages/tensorflow/python/keras/backend.py:4010: calling dropout (from tensorflow.python.ops.nn_ops) with keep_prob is deprecated and will be removed in a future version.
Instructions for updating:
Please use `rate` instead of `keep_prob`. Rate should be set to `rate = 1 - keep_prob`.
From /home/lzh/miniconda3/envs/rasa_env/lib/python3.6/site-packages/tensorflow/python/ops/math_ops.py:3066: to_int32 (from tensorflow.python.ops.math_ops) is deprecated and will be removed in a future version.
Instructions for updating:
Use tf.cast instead.
Rasa Core server is up and running on http://localhost:5005
Rasa process starting
From /home/lzh/miniconda3/envs/rasa_env/lib/python3.6/site-packages/tensorflow/python/training/saver.py:1266: checkpoint_exists (from tensorflow.python.training.checkpoint_management) is deprecated and will be removed in a future version.
Instructions for updating:
Use standard file APIs to check for files with this prefix.
Restoring parameters from models/current/nlu/component_5_EmbeddingIntentClassifier.ckpt
Scheduler started
From /home/lzh/miniconda3/envs/rasa_env/lib/python3.6/site-packages/tensorflow/python/ops/resource_variable_ops.py:435: colocate_with (from tensorflow.python.framework.ops) is deprecated and will be removed in a future version.
Instructions for updating:
Colocations handled automatically by placer.
From /home/lzh/miniconda3/envs/rasa_env/lib/python3.6/site-packages/tensorflow/python/keras/backend.py:4010: calling dropout (from tensorflow.python.ops.nn_ops) with keep_prob is deprecated and will be removed in a future version.
Instructions for updating:
Please use `rate` instead of `keep_prob`. Rate should be set to `rate = 1 - keep_prob`.
From /home/lzh/miniconda3/envs/rasa_env/lib/python3.6/site-packages/tensorflow/python/ops/math_ops.py:3066: to_int32 (from tensorflow.python.ops.math_ops) is deprecated and will be removed in a future version.
Instructions for updating:
Use tf.cast instead.
Rasa Core server is up and running on http://localhost:5005
Rasa process starting
From /home/lzh/miniconda3/envs/rasa_env/lib/python3.6/site-packages/tensorflow/python/training/saver.py:1266: checkpoint_exists (from tensorflow.python.training.checkpoint_management) is deprecated and will be removed in a future version.
Instructions for updating:
Use standard file APIs to check for files with this prefix.
Restoring parameters from models/current/nlu/component_5_EmbeddingIntentClassifier.ckpt
Scheduler started
From /home/lzh/miniconda3/envs/rasa_env/lib/python3.6/site-packages/tensorflow/python/ops/resource_variable_ops.py:435: colocate_with (from tensorflow.python.framework.ops) is deprecated and will be removed in a future version.
Instructions for updating:
Colocations handled automatically by placer.
From /home/lzh/miniconda3/envs/rasa_env/lib/python3.6/site-packages/tensorflow/python/keras/backend.py:4010: calling dropout (from tensorflow.python.ops.nn_ops) with keep_prob is deprecated and will be removed in a future version.
Instructions for updating:
Please use `rate` instead of `keep_prob`. Rate should be set to `rate = 1 - keep_prob`.
From /home/lzh/miniconda3/envs/rasa_env/lib/python3.6/site-packages/tensorflow/python/ops/math_ops.py:3066: to_int32 (from tensorflow.python.ops.math_ops) is deprecated and will be removed in a future version.
Instructions for updating:
Use tf.cast instead.
Rasa Core server is up and running on http://localhost:5005
Failed to run custom action 'action_ask_weather'. Couldn't connect to the server at 'http://localhost:5055/webhook'. Is the server running? Error: HTTPConnectionPool(host='localhost', port=5055): Max retries exceeded with url: /webhook (Caused by NewConnectionError('<urllib3.connection.HTTPConnection object at 0x7fe4841149b0>: Failed to establish a new connection: [Errno 111] Connection refused',))
Encountered an exception while running action 'action_ask_weather'. Bot will continue, but the actions events are lost. Make sure to fix the exception in your custom code.
Rasa process starting
From /home/lzh/miniconda3/envs/rasa_env/lib/python3.6/site-packages/tensorflow/python/training/saver.py:1266: checkpoint_exists (from tensorflow.python.training.checkpoint_management) is deprecated and will be removed in a future version.
Instructions for updating:
Use standard file APIs to check for files with this prefix.
Restoring parameters from models/current/nlu/component_5_EmbeddingIntentClassifier.ckpt
Scheduler started
From /home/lzh/miniconda3/envs/rasa_env/lib/python3.6/site-packages/tensorflow/python/ops/resource_variable_ops.py:435: colocate_with (from tensorflow.python.framework.ops) is deprecated and will be removed in a future version.
Instructions for updating:
Colocations handled automatically by placer.
From /home/lzh/miniconda3/envs/rasa_env/lib/python3.6/site-packages/tensorflow/python/keras/backend.py:4010: calling dropout (from tensorflow.python.ops.nn_ops) with keep_prob is deprecated and will be removed in a future version.
Instructions for updating:
Please use `rate` instead of `keep_prob`. Rate should be set to `rate = 1 - keep_prob`.
From /home/lzh/miniconda3/envs/rasa_env/lib/python3.6/site-packages/tensorflow/python/ops/math_ops.py:3066: to_int32 (from tensorflow.python.ops.math_ops) is deprecated and will be removed in a future version.
Instructions for updating:
Use tf.cast instead.
Rasa Core server is up and running on http://localhost:5005
Couldn't create message for template 'utter_weather_time'.
Rasa process starting
From /home/lzh/miniconda3/envs/rasa_env/lib/python3.6/site-packages/tensorflow/python/training/saver.py:1266: checkpoint_exists (from tensorflow.python.training.checkpoint_management) is deprecated and will be removed in a future version.
Instructions for updating:
Use standard file APIs to check for files with this prefix.
Restoring parameters from models/current/nlu/component_5_EmbeddingIntentClassifier.ckpt
Scheduler started
From /home/lzh/miniconda3/envs/rasa_env/lib/python3.6/site-packages/tensorflow/python/ops/resource_variable_ops.py:435: colocate_with (from tensorflow.python.framework.ops) is deprecated and will be removed in a future version.
Instructions for updating:
Colocations handled automatically by placer.
From /home/lzh/miniconda3/envs/rasa_env/lib/python3.6/site-packages/tensorflow/python/keras/backend.py:4010: calling dropout (from tensorflow.python.ops.nn_ops) with keep_prob is deprecated and will be removed in a future version.
Instructions for updating:
Please use `rate` instead of `keep_prob`. Rate should be set to `rate = 1 - keep_prob`.
From /home/lzh/miniconda3/envs/rasa_env/lib/python3.6/site-packages/tensorflow/python/ops/math_ops.py:3066: to_int32 (from tensorflow.python.ops.math_ops) is deprecated and will be removed in a future version.
Instructions for updating:
Use tf.cast instead.
Rasa Core server is up and running on http://localhost:5005
